A D/advlist////
A D/anchor////
A D/autolink////
A D/autoresize////
A D/autosave////
A D/bbcode////
A D/charcount////
A D/charmap////
A D/code////
A D/colorpicker////
A D/contextmenu////
A D/directionality////
A D/emoticons////
A D/example////
A D/example_dependency////
A D/fullpage////
A D/fullscreen////
A D/hr////
A D/image////
A D/importcss////
A D/insertdatetime////
A D/layer////
A D/legacyoutput////
A D/link////
A D/lists////
A D/media////
A D/nonbreaking////
A D/noneditable////
A D/pagebreak////
A D/paste////
A D/placeholder////
A D/preview////
A D/print////
A D/save////
A D/searchreplace////
A D/spellchecker////
A D/tabfocus////
A D/table////
A D/template////
A D/textcolor////
A D/textpattern////
A D/visualblocks////
A D/visualchars////
A D/wordcount////
